2026-02-11 17:44:13 | INFO     | __main__:setup_logging:33 - Logging configured at INFO level
2026-02-11 17:44:13 | INFO     | __main__:main:142 - Starting server in development mode...
2026-02-11 17:44:14 | INFO     | main:setup_logging:33 - Logging configured at INFO level
2026-02-11 17:44:14 | INFO     | main:lifespan:47 - Starting ChatSphere API...
2026-02-11 17:44:14 | ERROR    | app.database:connect_to_database:33 - Failed to connect to database: Unknown option: connectionTimeoutMS. Did you mean one of (connecttimeoutms, sockettimeoutms, serverselectiontimeoutms) or maybe a camelCase version of one? Refer to docstring.
2026-02-11 17:44:24 | INFO     | __main__:setup_logging:33 - Logging configured at INFO level
2026-02-11 17:44:24 | INFO     | __main__:main:142 - Starting server in development mode...
2026-02-11 17:44:24 | INFO     | main:setup_logging:33 - Logging configured at INFO level
2026-02-11 17:44:24 | INFO     | main:lifespan:47 - Starting ChatSphere API...
2026-02-11 17:44:24 | INFO     | app.database:connect_to_database:28 - Connected to MongoDB: chatsphere
2026-02-11 17:44:24 | INFO     | app.database:create_indexes:52 - Creating database indexes...
2026-02-11 17:44:24 | INFO     | app.database:create_indexes:64 - All indexes created successfully
2026-02-11 17:44:24 | INFO     | app.database:redis_connect:73 - Connecting to Redis...
2026-02-11 17:44:28 | ERROR    | app.database:redis_connect:88 - Failed to connect to Redis: Error 22 connecting to localhost:6379. The remote computer refused the network connection.
2026-02-11 17:44:42 | INFO     | __main__:setup_logging:33 - Logging configured at INFO level
2026-02-11 17:44:42 | INFO     | __main__:main:142 - Starting server in development mode...
2026-02-11 17:44:42 | INFO     | main:setup_logging:33 - Logging configured at INFO level
2026-02-11 17:44:42 | INFO     | main:lifespan:47 - Starting ChatSphere API...
2026-02-11 17:44:42 | INFO     | app.database:connect_to_database:28 - Connected to MongoDB: chatsphere
2026-02-11 17:44:42 | INFO     | app.database:create_indexes:52 - Creating database indexes...
2026-02-11 17:44:42 | INFO     | app.database:create_indexes:64 - All indexes created successfully
2026-02-11 17:44:42 | INFO     | app.database:redis_connect:73 - Connecting to Redis...
2026-02-11 17:44:46 | ERROR    | app.database:redis_connect:88 - Failed to connect to Redis: Error 22 connecting to localhost:6379. The remote computer refused the network connection.
2026-02-11 17:45:00 | INFO     | __main__:setup_logging:33 - Logging configured at INFO level
2026-02-11 17:45:00 | INFO     | __main__:main:142 - Starting server in development mode...
2026-02-11 17:45:00 | INFO     | main:setup_logging:33 - Logging configured at INFO level
2026-02-11 17:45:00 | INFO     | main:lifespan:47 - Starting ChatSphere API...
2026-02-11 17:45:00 | INFO     | app.database:connect_to_database:28 - Connected to MongoDB: chatsphere
2026-02-11 17:45:00 | INFO     | app.database:create_indexes:52 - Creating database indexes...
2026-02-11 17:45:00 | INFO     | app.database:create_indexes:64 - All indexes created successfully
2026-02-11 17:45:00 | INFO     | app.database:redis_connect:73 - Connecting to Redis...
2026-02-11 17:45:04 | ERROR    | app.database:redis_connect:88 - Failed to connect to Redis: Error 22 connecting to localhost:6379. The remote computer refused the network connection.
2026-02-11 17:47:29 | INFO     | __main__:setup_logging:33 - Logging configured at INFO level
2026-02-11 17:47:29 | INFO     | __main__:main:142 - Starting server in development mode...
2026-02-11 17:47:29 | INFO     | main:setup_logging:33 - Logging configured at INFO level
2026-02-11 17:47:29 | INFO     | main:lifespan:47 - Starting ChatSphere API...
2026-02-11 17:47:29 | INFO     | app.database:connect_to_database:28 - Connected to MongoDB: chatsphere
2026-02-11 17:47:29 | INFO     | app.database:create_indexes:52 - Creating database indexes...
2026-02-11 17:47:29 | INFO     | app.database:create_indexes:64 - All indexes created successfully
2026-02-11 17:47:29 | INFO     | app.database:redis_connect:73 - Connecting to Redis...
2026-02-11 17:47:33 | ERROR    | app.database:redis_connect:88 - Failed to connect to Redis: Error 22 connecting to localhost:6379. The remote computer refused the network connection.
2026-02-11 17:51:40 | INFO     | __main__:setup_logging:33 - Logging configured at INFO level
2026-02-11 17:51:40 | INFO     | __main__:main:142 - Starting server in development mode...
2026-02-11 17:51:40 | INFO     | main:setup_logging:33 - Logging configured at INFO level
2026-02-11 17:51:40 | INFO     | main:lifespan:47 - Starting ChatSphere API...
2026-02-11 17:51:40 | INFO     | app.database:connect_to_database:28 - Connected to MongoDB: chatsphere
2026-02-11 17:51:40 | INFO     | app.database:create_indexes:52 - Creating database indexes...
2026-02-11 17:51:40 | INFO     | app.database:create_indexes:64 - All indexes created successfully
2026-02-11 17:51:40 | INFO     | app.database:redis_connect:73 - Connecting to Redis...
2026-02-11 17:51:44 | ERROR    | app.database:redis_connect:88 - Failed to connect to Redis: Error 22 connecting to localhost:6379. The remote computer refused the network connection.
2026-02-11 17:52:59 | INFO     | __main__:setup_logging:33 - Logging configured at INFO level
2026-02-11 17:52:59 | INFO     | __main__:main:142 - Starting server in development mode...
2026-02-11 17:52:59 | INFO     | main:setup_logging:33 - Logging configured at INFO level
2026-02-11 17:52:59 | INFO     | main:lifespan:47 - Starting ChatSphere API...
2026-02-11 17:52:59 | INFO     | app.database:connect_to_database:28 - Connected to MongoDB: chatsphere
2026-02-11 17:52:59 | INFO     | app.database:create_indexes:52 - Creating database indexes...
2026-02-11 17:52:59 | INFO     | app.database:create_indexes:64 - All indexes created successfully
2026-02-11 17:52:59 | INFO     | app.database:redis_connect:73 - Connecting to Redis...
2026-02-11 17:53:04 | WARNING  | app.database:redis_connect:88 - Redis unavailable (continuing without Redis): Error 22 connecting to localhost:6379. The remote computer refused the network connection.
2026-02-11 17:53:04 | SUCCESS  | main:lifespan:49 - ✓ Application started successfully
2026-02-11 17:53:51 | INFO     | main:lifespan:51 - Shutting down ChatSphere API...
2026-02-11 17:53:51 | INFO     | app.database:disconnect_mongodb:42 - Disconnected from MongoDB
2026-02-11 17:53:51 | INFO     | main:lifespan:53 - ✓ Application shutdown complete
2026-02-11 17:53:59 | INFO     | __main__:setup_logging:33 - Logging configured at INFO level
2026-02-11 17:53:59 | INFO     | __main__:main:142 - Starting server in development mode...
2026-02-11 17:53:59 | INFO     | main:setup_logging:33 - Logging configured at INFO level
2026-02-11 17:53:59 | INFO     | main:lifespan:47 - Starting ChatSphere API...
2026-02-11 17:53:59 | INFO     | app.database:connect_to_database:28 - Connected to MongoDB: chatsphere
2026-02-11 17:53:59 | INFO     | app.database:create_indexes:52 - Creating database indexes...
2026-02-11 17:53:59 | INFO     | app.database:create_indexes:64 - All indexes created successfully
2026-02-11 17:53:59 | INFO     | app.database:redis_connect:73 - Connecting to Redis...
2026-02-11 17:54:03 | WARNING  | app.database:redis_connect:88 - Redis unavailable (continuing without Redis): Error 22 connecting to localhost:6379. The remote computer refused the network connection.
2026-02-11 17:54:03 | SUCCESS  | main:lifespan:49 - ✓ Application started successfully
2026-02-11 17:56:25 | INFO     | main:lifespan:51 - Shutting down ChatSphere API...
2026-02-11 17:56:25 | INFO     | app.database:disconnect_mongodb:42 - Disconnected from MongoDB
2026-02-11 17:56:25 | INFO     | main:lifespan:53 - ✓ Application shutdown complete
2026-02-11 17:56:28 | INFO     | __main__:setup_logging:33 - Logging configured at INFO level
2026-02-11 17:56:28 | INFO     | __main__:main:142 - Starting server in development mode...
2026-02-11 17:56:28 | INFO     | main:setup_logging:33 - Logging configured at INFO level
2026-02-11 17:56:28 | INFO     | main:lifespan:47 - Starting ChatSphere API...
2026-02-11 17:56:28 | INFO     | app.database:connect_to_database:28 - Connected to MongoDB: chatsphere
2026-02-11 17:56:28 | INFO     | app.database:create_indexes:52 - Creating database indexes...
2026-02-11 17:56:28 | INFO     | app.database:create_indexes:64 - All indexes created successfully
2026-02-11 17:56:28 | INFO     | app.database:redis_connect:73 - Connecting to Redis...
2026-02-11 17:56:32 | WARNING  | app.database:redis_connect:88 - Redis unavailable (continuing without Redis): Error 22 connecting to localhost:6379. The remote computer refused the network connection.
2026-02-11 17:56:32 | SUCCESS  | main:lifespan:49 - ✓ Application started successfully
2026-02-11 17:56:36 | ERROR    | main:general_exception_handler:92 - Unexpected error: 'Settings' object has no attribute 'JWT_EXPIRATION_MINUTES'
2026-02-11 17:57:37 | INFO     | main:lifespan:51 - Shutting down ChatSphere API...
2026-02-11 17:57:37 | INFO     | app.database:disconnect_mongodb:42 - Disconnected from MongoDB
2026-02-11 17:57:37 | INFO     | main:lifespan:53 - ✓ Application shutdown complete
2026-02-11 17:57:39 | INFO     | __main__:setup_logging:33 - Logging configured at INFO level
2026-02-11 17:57:39 | INFO     | __main__:main:142 - Starting server in development mode...
2026-02-11 17:57:39 | INFO     | main:setup_logging:33 - Logging configured at INFO level
2026-02-11 17:57:39 | INFO     | main:lifespan:47 - Starting ChatSphere API...
2026-02-11 17:57:39 | INFO     | app.database:connect_to_database:28 - Connected to MongoDB: chatsphere
2026-02-11 17:57:39 | INFO     | app.database:create_indexes:52 - Creating database indexes...
2026-02-11 17:57:39 | INFO     | app.database:create_indexes:64 - All indexes created successfully
2026-02-11 17:57:39 | INFO     | app.database:redis_connect:73 - Connecting to Redis...
2026-02-11 17:57:43 | WARNING  | app.database:redis_connect:88 - Redis unavailable (continuing without Redis): Error 22 connecting to localhost:6379. The remote computer refused the network connection.
2026-02-11 17:57:43 | SUCCESS  | main:lifespan:49 - ✓ Application started successfully
2026-02-11 18:02:34 | INFO     | main:setup_logging:33 - Logging configured at INFO level
2026-02-11 18:03:41 | INFO     | main:lifespan:51 - Shutting down ChatSphere API...
2026-02-11 18:03:41 | INFO     | app.database:disconnect_mongodb:42 - Disconnected from MongoDB
2026-02-11 18:03:41 | INFO     | main:lifespan:53 - ✓ Application shutdown complete
2026-02-11 18:03:51 | INFO     | __main__:setup_logging:33 - Logging configured at INFO level
2026-02-11 18:03:52 | INFO     | __main__:main:142 - Starting server in development mode...
2026-02-11 18:03:52 | INFO     | main:setup_logging:33 - Logging configured at INFO level
2026-02-11 18:03:52 | INFO     | main:lifespan:47 - Starting ChatSphere API...
2026-02-11 18:03:52 | INFO     | app.database:connect_to_database:28 - Connected to MongoDB: chatsphere
2026-02-11 18:03:52 | INFO     | app.database:create_indexes:52 - Creating database indexes...
2026-02-11 18:03:52 | INFO     | app.database:create_indexes:64 - All indexes created successfully
2026-02-11 18:03:52 | INFO     | app.database:redis_connect:73 - Connecting to Redis...
2026-02-11 18:03:56 | WARNING  | app.database:redis_connect:88 - Redis unavailable (continuing without Redis): Error 22 connecting to localhost:6379. The remote computer refused the network connection.
2026-02-11 18:03:56 | SUCCESS  | main:lifespan:49 - ✓ Application started successfully
2026-02-11 18:04:01 | INFO     | app.sio:connect:56 - Connection attempt from qcL1ryyRv-lwq1hlAAAB
2026-02-11 18:04:01 | INFO     | app.sio:connect:88 - User 698b3b1a73e6721cd011e1ed connected with session qcL1ryyRv-lwq1hlAAAB
2026-02-11 18:04:16 | INFO     | app.sio:disconnect:108 - User 698b3b1a73e6721cd011e1ed is now offline
2026-02-11 18:04:16 | INFO     | app.sio:disconnect:110 - User 698b3b1a73e6721cd011e1ed disconnected (session qcL1ryyRv-lwq1hlAAAB)
2026-02-11 18:04:19 | INFO     | main:lifespan:51 - Shutting down ChatSphere API...
2026-02-11 18:04:19 | INFO     | app.database:disconnect_mongodb:42 - Disconnected from MongoDB
2026-02-11 18:04:19 | INFO     | main:lifespan:53 - ✓ Application shutdown complete
